{
  "0 debug pnpm:scope": {
    "selected": 1
  },
  "1 debug pnpm:package-manifest": {
    "initial": {
      "name": "selah-v-music-log",
      "version": "0.0.1",
      "private": true,
      "scripts": {
        "dev": "vite dev",
        "build": "vite build",
        "preview": "vite preview",
        "lint": "prettier --plugin-search-dir . --check . && eslint .",
        "format": "prettier --plugin-search-dir . --write ."
      },
      "devDependencies": {
        "@sveltejs/adapter-auto": "^2.0.0",
        "@sveltejs/kit": "^1.5.0",
        "eslint": "^8.28.0",
        "eslint-config-prettier": "^8.5.0",
        "eslint-plugin-svelte3": "^4.0.0",
        "prettier": "^2.8.0",
        "prettier-plugin-svelte": "^2.8.1",
        "svelte": "^3.54.0",
        "vite": "^4.2.0"
      },
      "type": "module"
    },
    "prefix": "/Users/dvanderhaarhunter/personal/selah_v_music_log"
  },
  "2 debug pnpm:context": {
    "currentLockfileExists": false,
    "storeDir": "/Users/dvanderhaarhunter/Library/pnpm/store/v3",
    "virtualStoreDir": "/Users/dvanderhaarhunter/personal/selah_v_music_log/node_modules/.pnpm"
  },
  "3 debug pnpm:stage": {
    "prefix": "/Users/dvanderhaarhunter/personal/selah_v_music_log",
    "stage": "resolution_started"
  },
  "4 debug pnpm:_dependency_resolved": {
    "resolution": "registry.npmjs.org/eslint-plugin-svelte3/4.0.0",
    "wanted": {
      "dependentId": ".",
      "name": "eslint-plugin-svelte3",
      "rawSpec": "^4.0.0"
    }
  },
  "5 debug pnpm:progress": {
    "packageId": "registry.npmjs.org/eslint-plugin-svelte3/4.0.0",
    "requester": "/Users/dvanderhaarhunter/personal/selah_v_music_log",
    "status": "resolved"
  },
  "6 debug pnpm:progress": {
    "packageId": "registry.npmjs.org/eslint-plugin-svelte3/4.0.0",
    "requester": "/Users/dvanderhaarhunter/personal/selah_v_music_log",
    "status": "found_in_store"
  },
  "7 debug pnpm:_dependency_resolved": {
    "resolution": "registry.npmjs.org/@sveltejs/adapter-auto/2.0.0",
    "wanted": {
      "dependentId": ".",
      "name": "@sveltejs/adapter-auto",
      "rawSpec": "^2.0.0"
    }
  },
  "8 debug pnpm:progress": {
    "packageId": "registry.npmjs.org/@sveltejs/adapter-auto/2.0.0",
    "requester": "/Users/dvanderhaarhunter/personal/selah_v_music_log",
    "status": "resolved"
  },
  "9 debug pnpm:progress": {
    "packageId": "registry.npmjs.org/@sveltejs/adapter-auto/2.0.0",
    "requester": "/Users/dvanderhaarhunter/personal/selah_v_music_log",
    "status": "found_in_store"
  },
  "10 debug pnpm:_dependency_resolved": {
    "resolution": "registry.npmjs.org/eslint-config-prettier/8.8.0",
    "wanted": {
      "dependentId": ".",
      "name": "eslint-config-prettier",
      "rawSpec": "^8.5.0"
    }
  },
  "11 debug pnpm:progress": {
    "packageId": "registry.npmjs.org/eslint-config-prettier/8.8.0",
    "requester": "/Users/dvanderhaarhunter/personal/selah_v_music_log",
    "status": "resolved"
  },
  "12 debug pnpm:progress": {
    "packageId": "registry.npmjs.org/eslint-config-prettier/8.8.0",
    "requester": "/Users/dvanderhaarhunter/personal/selah_v_music_log",
    "status": "found_in_store"
  },
  "13 debug pnpm:_dependency_resolved": {
    "resolution": "registry.npmjs.org/prettier/2.8.7",
    "wanted": {
      "dependentId": ".",
      "name": "prettier",
      "rawSpec": "^2.8.0"
    }
  },
  "14 debug pnpm:progress": {
    "packageId": "registry.npmjs.org/prettier/2.8.7",
    "requester": "/Users/dvanderhaarhunter/personal/selah_v_music_log",
    "status": "resolved"
  },
  "15 debug pnpm:_dependency_resolved": {
    "resolution": "registry.npmjs.org/prettier-plugin-svelte/2.10.0",
    "wanted": {
      "dependentId": ".",
      "name": "prettier-plugin-svelte",
      "rawSpec": "^2.8.1"
    }
  },
  "16 debug pnpm:progress": {
    "packageId": "registry.npmjs.org/prettier-plugin-svelte/2.10.0",
    "requester": "/Users/dvanderhaarhunter/personal/selah_v_music_log",
    "status": "resolved"
  },
  "17 debug pnpm:progress": {
    "packageId": "registry.npmjs.org/prettier-plugin-svelte/2.10.0",
    "requester": "/Users/dvanderhaarhunter/personal/selah_v_music_log",
    "status": "found_in_store"
  },
  "18 debug pnpm:fetching-progress": {
    "attempt": 1,
    "packageId": "registry.npmjs.org/prettier/2.8.7",
    "size": 2735185,
    "status": "started"
  },
  "19 debug pnpm:_dependency_resolved": {
    "resolution": "registry.npmjs.org/eslint/8.38.0",
    "wanted": {
      "dependentId": ".",
      "name": "eslint",
      "rawSpec": "^8.28.0"
    }
  },
  "20 debug pnpm:progress": {
    "packageId": "registry.npmjs.org/eslint/8.38.0",
    "requester": "/Users/dvanderhaarhunter/personal/selah_v_music_log",
    "status": "resolved"
  },
  "21 debug pnpm:fetching-progress": {
    "attempt": 1,
    "packageId": "registry.npmjs.org/eslint/8.38.0",
    "size": 532627,
    "status": "started"
  },
  "22 debug pnpm:update-check": {
    "currentVersion": "7.0.0",
    "latestVersion": "8.2.0"
  },
  "23 debug pnpm:progress": {
    "packageId": "registry.npmjs.org/eslint/8.38.0",
    "requester": "/Users/dvanderhaarhunter/personal/selah_v_music_log",
    "status": "fetched"
  },
  "24 debug pnpm:_dependency_resolved": {
    "resolution": "registry.npmjs.org/svelte/3.58.0",
    "wanted": {
      "dependentId": ".",
      "name": "svelte",
      "rawSpec": "^3.54.0"
    }
  },
  "25 debug pnpm:progress": {
    "packageId": "registry.npmjs.org/svelte/3.58.0",
    "requester": "/Users/dvanderhaarhunter/personal/selah_v_music_log",
    "status": "resolved"
  },
  "26 debug pnpm:fetching-progress": {
    "attempt": 1,
    "packageId": "registry.npmjs.org/svelte/3.58.0",
    "size": 1958609,
    "status": "started"
  },
  "27 warn pnpm:install-check": {
    "message": "Unsupported engine for registry.npmjs.org/@sveltejs/kit/1.15.6: wanted: {\"node\":\"^16.14 || >=18\"} (current: {\"node\":\"v14.17.0\",\"pnpm\":\"7.0.0\"})",
    "prefix": "/Users/dvanderhaarhunter/personal/selah_v_music_log"
  },
  "28 error pnpm": {
    "code": "ERR_PNPM_UNSUPPORTED_ENGINE",
    "packageId": "registry.npmjs.org/@sveltejs/kit/1.15.6",
    "wanted": {
      "node": "^16.14 || >=18"
    },
    "current": {
      "node": "v14.17.0",
      "pnpm": "7.0.0"
    },
    "pkgsStack": [],
    "err": {
      "name": "pnpm",
      "message": "Unsupported engine for registry.npmjs.org/@sveltejs/kit/1.15.6: wanted: {\"node\":\"^16.14 || >=18\"} (current: {\"node\":\"v14.17.0\",\"pnpm\":\"7.0.0\"})",
      "code": "ERR_PNPM_UNSUPPORTED_ENGINE",
      "stack": "pnpm: Unsupported engine for registry.npmjs.org/@sveltejs/kit/1.15.6: wanted: {\"node\":\"^16.14 || >=18\"} (current: {\"node\":\"v14.17.0\",\"pnpm\":\"7.0.0\"})\n    at checkEngine (/snapshot/dist/pnpm.cjs)\n    at checkPackage (/snapshot/dist/pnpm.cjs)\n    at packageIsInstallable (/snapshot/dist/pnpm.cjs)\n    at resolveAndFetch (/snapshot/dist/pnpm.cjs)\n    at runMicrotasks (<anonymous>)\n    at processTicksAndRejections (internal/process/task_queues.js:95:5)\n    at async resolveDependency (/snapshot/dist/pnpm.cjs)\n    at async resolveDependenciesOfDependency (/snapshot/dist/pnpm.cjs)\n    at async Promise.all (index 1)\n    at async resolveDependencies (/snapshot/dist/pnpm.cjs)"
    }
  },
  "29 warn pnpm:install-check": {
    "message": "Unsupported engine for registry.npmjs.org/vite/4.2.1: wanted: {\"node\":\"^14.18.0 || >=16.0.0\"} (current: {\"node\":\"v14.17.0\",\"pnpm\":\"7.0.0\"})",
    "prefix": "/Users/dvanderhaarhunter/personal/selah_v_music_log"
  }
}